Сборка начата 01.04.2025 17:44:11.
Уровень детализации журнала: Normal.     1>Проект "D:\Учеба\OAP2SEM\Lab_07\z4v15\z4v15.vcxproj" в узле 2 (целевые объекты Build).
     1>PrepareForBuild:
         Структурированный вывод включен. Форматирование диагностики компилятора будет отражать иерархию ошибок. Подробнее см. https://aka.ms/cpp/structured-output.
       InitializeBuildStatus:
         Создание "x64\Debug\z4v15.tlog\unsuccessfulbuild", так как было задано "AlwaysCreate".
         Обращение к "x64\Debug\z4v15.tlog\unsuccessfulbuild".
       ClCompile:
         C:\Program Files\Microsoft Visual Studio\2022\Community\VC\Tools\MSVC\14.41.34120\bin\HostX64\x64\CL.exe /c /ZI /JMC /nologo /W3 /WX- /diagnostics:column /sdl /Od /D _DEBUG /D _CONSOLE /D _UNICODE /D UNICODE /Gm- /EHsc /RTC1 /MDd /GS /fp:precise /Zc:wchar_t /Zc:forScope /Zc:inline /permissive- /Fo"x64\Debug\\" /Fd"x64\Debug\vc143.pdb" /external:W3 /Gd /TP /FC /errorReport:prompt funcz4v15.cpp
         funcz4v15.cpp
     1>D:\Учеба\OAP2SEM\Lab_07\z4v15\funcz4v15.cpp(79,16): warning C4267: инициализация: преобразование из "size_t" в "int"; возможна потеря данных
       Link:
         C:\Program Files\Microsoft Visual Studio\2022\Community\VC\Tools\MSVC\14.41.34120\bin\HostX64\x64\link.exe /ERRORREPORT:PROMPT /OUT:"D:\Учеба\OAP2SEM\Lab_07\x64\Debug\z4v15.exe" /INCREMENTAL /ILK:"x64\Debug\z4v15.ilk" /NOLOGO kernel32.lib user32.lib gdi32.lib winspool.lib comdlg32.lib advapi32.lib shell32.lib ole32.lib oleaut32.lib uuid.lib odbc32.lib odbccp32.lib /MANIFEST /MANIFESTUAC:"level='asInvoker' uiAccess='false'" /manifest:embed /DEBUG /PDB:"D:\Учеба\OAP2SEM\Lab_07\x64\Debug\z4v15.pdb" /SUBSYSTEM:CONSOLE /TLBID:1 /DYNAMICBASE /NXCOMPAT /IMPLIB:"D:\Учеба\OAP2SEM\Lab_07\x64\Debug\z4v15.lib" /MACHINE:X64 x64\Debug\funcz4v15.obj
         x64\Debug\z4v15.obj
         z4v15.vcxproj -> D:\Учеба\OAP2SEM\Lab_07\x64\Debug\z4v15.exe
       FinalizeBuildStatus:
         Файл "x64\Debug\z4v15.tlog\unsuccessfulbuild" удаляется.
         Обращение к "x64\Debug\z4v15.tlog\z4v15.lastbuildstate".
     1>Сборка проекта "D:\Учеба\OAP2SEM\Lab_07\z4v15\z4v15.vcxproj" завершена (целевые объекты Build).

Сборка успешно завершена.

       "D:\Учеба\OAP2SEM\Lab_07\z4v15\z4v15.vcxproj" (целевой объект Build ) (1) ->
       (Целевой объект ClCompile) -> 
         D:\Учеба\OAP2SEM\Lab_07\z4v15\funcz4v15.cpp(79,16): warning C4267: инициализация: преобразование из "size_t" в "int"; возможна потеря данных

    Предупреждений: 1
    Ошибок: 0

Прошло времени 00:00:00.84
