Сборка начата 16.05.2025 18:54:47.
Уровень детализации журнала: Normal.     1>Проект "D:\Учеба\OAP2SEM\Lab_13\Lab_1_3\v15\v15.vcxproj" в узле 2 (целевые объекты Build).
     1>PrepareForBuild:
         Структурированный вывод включен. Форматирование диагностики компилятора будет отражать иерархию ошибок. Подробнее см. https://aka.ms/cpp/structured-output.
       InitializeBuildStatus:
         Создание "x64\Debug\v15.tlog\unsuccessfulbuild", так как было задано "AlwaysCreate".
         Обращение к "x64\Debug\v15.tlog\unsuccessfulbuild".
       ClCompile:
         C:\Program Files\Microsoft Visual Studio\2022\Community\VC\Tools\MSVC\14.44.35207\bin\HostX64\x64\CL.exe /c /ZI /JMC /nologo /W3 /WX- /diagnostics:column /sdl /Od /D _DEBUG /D _CONSOLE /D _UNICODE /D UNICODE /Gm- /EHsc /RTC1 /MDd /GS /fp:precise /Zc:wchar_t /Zc:forScope /Zc:inline /std:c++20 /permissive- /Fo"x64\Debug\\" /Fd"x64\Debug\vc143.pdb" /external:W3 /Gd /TP /FC /errorReport:prompt v15.cpp
         v15.cpp
       Link:
         C:\Program Files\Microsoft Visual Studio\2022\Community\VC\Tools\MSVC\14.44.35207\bin\HostX64\x64\link.exe /ERRORREPORT:PROMPT /OUT:"D:\Учеба\OAP2SEM\Lab_13\Lab_1_3\x64\Debug\v15.exe" /INCREMENTAL /ILK:"x64\Debug\v15.ilk" /NOLOGO kernel32.lib user32.lib gdi32.lib winspool.lib comdlg32.lib advapi32.lib shell32.lib ole32.lib oleaut32.lib uuid.lib odbc32.lib odbccp32.lib /MANIFEST /MANIFESTUAC:"level='asInvoker' uiAccess='false'" /manifest:embed /DEBUG /PDB:"D:\Учеба\OAP2SEM\Lab_13\Lab_1_3\x64\Debug\v15.pdb" /SUBSYSTEM:CONSOLE /TLBID:1 /DYNAMICBASE /NXCOMPAT /IMPLIB:"D:\Учеба\OAP2SEM\Lab_13\Lab_1_3\x64\Debug\v15.lib" /MACHINE:X64 x64\Debug\v15.obj
         v15.vcxproj -> D:\Учеба\OAP2SEM\Lab_13\Lab_1_3\x64\Debug\v15.exe
       FinalizeBuildStatus:
         Файл "x64\Debug\v15.tlog\unsuccessfulbuild" удаляется.
         Обращение к "x64\Debug\v15.tlog\v15.lastbuildstate".
     1>Сборка проекта "D:\Учеба\OAP2SEM\Lab_13\Lab_1_3\v15\v15.vcxproj" завершена (целевые объекты Build).

Сборка успешно завершена.
    Предупреждений: 0
    Ошибок: 0

Прошло времени 00:00:01.13
