Сборка начата 28.05.2025 14:52:04.
Уровень детализации журнала: Normal.     1>Проект "D:\Учеба\OAP2SEM\Lab_15\Lab_15\Lab_15.vcxproj" в узле 2 (целевые объекты Build).
     1>C:\Program Files\Microsoft Visual Studio\2022\Community\MSBuild\Microsoft\VC\v170\Microsoft.CppBuild.targets(538,5): warning MSB8028: промежуточный каталог (x64\Debug\) содержит файлы, которые используются совместно с другим проектом (Lab_15.vcxproj).  Это может привести к ошибкам очистки и перестроения.
         Структурированный вывод включен. Форматирование диагностики компилятора будет отражать иерархию ошибок. Подробнее см. https://aka.ms/cpp/structured-output.
     1>InitializeBuildStatus:
         Создание "x64\Debug\main.tlog\unsuccessfulbuild", так как было задано "AlwaysCreate".
         Обращение к "x64\Debug\main.tlog\unsuccessfulbuild".
       ClCompile:
         C:\Program Files\Microsoft Visual Studio\2022\Community\VC\Tools\MSVC\14.44.35207\bin\HostX64\x64\CL.exe /c /ZI /JMC /nologo /W3 /WX- /diagnostics:column /sdl /Od /D _DEBUG /D _CONSOLE /D _UNICODE /D UNICODE /Gm- /EHsc /RTC1 /MDd /GS /fp:precise /Zc:wchar_t /Zc:forScope /Zc:inline /permissive- /Fo"x64\Debug\\" /Fd"x64\Debug\vc143.pdb" /external:W3 /Gd /TP /FC /errorReport:prompt main.cpp
         main.cpp
     1>D:\Учеба\OAP2SEM\Lab_15\Lab_15\main.cpp(110,15): warning C4244: аргумент: преобразование "time_t" в "unsigned int", возможна потеря данных
       Link:
         C:\Program Files\Microsoft Visual Studio\2022\Community\VC\Tools\MSVC\14.44.35207\bin\HostX64\x64\link.exe /ERRORREPORT:PROMPT /OUT:"D:\Учеба\OAP2SEM\Lab_15\x64\Debug\main.exe" /INCREMENTAL /ILK:"x64\Debug\main.ilk" /NOLOGO kernel32.lib user32.lib gdi32.lib winspool.lib comdlg32.lib advapi32.lib shell32.lib ole32.lib oleaut32.lib uuid.lib odbc32.lib odbccp32.lib /MANIFEST /MANIFESTUAC:"level='asInvoker' uiAccess='false'" /manifest:embed /DEBUG /PDB:"D:\Учеба\OAP2SEM\Lab_15\x64\Debug\main.pdb" /SUBSYSTEM:CONSOLE /TLBID:1 /DYNAMICBASE /NXCOMPAT /IMPLIB:"D:\Учеба\OAP2SEM\Lab_15\x64\Debug\main.lib" /MACHINE:X64 x64\Debug\main.obj
         Lab_15.vcxproj -> D:\Учеба\OAP2SEM\Lab_15\x64\Debug\main.exe
       FinalizeBuildStatus:
         Файл "x64\Debug\main.tlog\unsuccessfulbuild" удаляется.
         Обращение к "x64\Debug\main.tlog\main.lastbuildstate".
     1>Сборка проекта "D:\Учеба\OAP2SEM\Lab_15\Lab_15\Lab_15.vcxproj" завершена (целевые объекты Build).

Сборка успешно завершена.

       "D:\Учеба\OAP2SEM\Lab_15\Lab_15\Lab_15.vcxproj" (целевой объект Build ) (1) ->
       (Целевой объект PrepareForBuild) -> 
         C:\Program Files\Microsoft Visual Studio\2022\Community\MSBuild\Microsoft\VC\v170\Microsoft.CppBuild.targets(538,5): warning MSB8028: промежуточный каталог (x64\Debug\) содержит файлы, которые используются совместно с другим проектом (Lab_15.vcxproj).  Это может привести к ошибкам очистки и перестроения.


       "D:\Учеба\OAP2SEM\Lab_15\Lab_15\Lab_15.vcxproj" (целевой объект Build ) (1) ->
       (Целевой объект ClCompile) -> 
         D:\Учеба\OAP2SEM\Lab_15\Lab_15\main.cpp(110,15): warning C4244: аргумент: преобразование "time_t" в "unsigned int", возможна потеря данных

    Предупреждений: 2
    Ошибок: 0

Прошло времени 00:00:00.87
